[debug] [2021-03-08T17:09:20.513Z] ----------------------------------------------------------------------
[debug] [2021-03-08T17:09:20.518Z] Command:       C:\Program Files\nodejs\node.exe C:\Users\Wait for magic\AppData\Roaming\npm\node_modules\firebase-tools\lib\bin\firebase.js emulators:start
[debug] [2021-03-08T17:09:20.519Z] CLI Version:   9.3.0
[debug] [2021-03-08T17:09:20.519Z] Platform:      win32
[debug] [2021-03-08T17:09:20.519Z] Node Version:  v14.15.4
[debug] [2021-03-08T17:09:20.521Z] Time:          Mon Mar 08 2021 22:39:20 GMT+0530 (India Standard Time)
[debug] [2021-03-08T17:09:20.521Z] ----------------------------------------------------------------------
[debug] [2021-03-08T17:09:20.522Z] 
[debug] [2021-03-08T17:09:20.540Z] > command requires scopes: ["email","openid","https://www.googleapis.com/auth/cloudplatformprojects.readonly","https://www.googleapis.com/auth/firebase","https://www.googleapis.com/auth/cloud-platform"]
[debug] [2021-03-08T17:09:20.541Z] > authorizing via signed-in user
[info] i  emulators: Starting emulators: functions, hosting {"metadata":{"emulator":{"name":"hub"},"message":"Starting emulators: functions, hosting"}}
[debug] [2021-03-08T17:09:20.596Z] [hub] writing locator at C:\Users\WAITFO~1\AppData\Local\Temp\hub-amzon-clone-pv62020ee1.json
[warn] !  functions: The following emulators are not running, calls to these services from the Functions emulator will affect production: auth, firestore, database, pubsub {"metadata":{"emulator":{"name":"functions"},"message":"The following emulators are not running, calls to these services from the Functions emulator will affect production: \u001b[1mauth, firestore, database, pubsub\u001b[22m"}}
[warn] !  Your requested "node" version "12" doesn't match your global version "14" {"metadata":{"emulator":{"name":"functions"},"message":"Your requested \"node\" version \"12\" doesn't match your global version \"14\""}}
[debug] [2021-03-08T17:09:20.663Z] defaultcredentials: writing to file C:\Users\Wait for magic\AppData\Roaming\firebase\pv62020ee_gmail_com_application_default_credentials.json
[debug] [2021-03-08T17:09:20.671Z] Setting GAC to C:\Users\Wait for magic\AppData\Roaming\firebase\pv62020ee_gmail_com_application_default_credentials.json {"metadata":{"emulator":{"name":"functions"},"message":"Setting GAC to C:\\Users\\Wait for magic\\AppData\\Roaming\\firebase\\pv62020ee_gmail_com_application_default_credentials.json"}}
[debug] [2021-03-08T17:09:20.679Z] >>> [apiv2][query] GET https://firebase.googleapis.com/v1beta1/projects/amzon-clone-pv62020ee1/adminSdkConfig [none]
[debug] [2021-03-08T17:09:22.089Z] <<< [apiv2][status] GET https://firebase.googleapis.com/v1beta1/projects/amzon-clone-pv62020ee1/adminSdkConfig 200
[debug] [2021-03-08T17:09:22.090Z] <<< [apiv2][body] GET https://firebase.googleapis.com/v1beta1/projects/amzon-clone-pv62020ee1/adminSdkConfig {"projectId":"amzon-clone-pv62020ee1","databaseURL":"https://amzon-clone-pv62020ee1-default-rtdb.firebaseio.com","storageBucket":"amzon-clone-pv62020ee1.appspot.com","locationId":"us-central"}
[debug] [2021-03-08T17:09:22.111Z] >>> [apiv2][query] GET https://firebase.googleapis.com/v1beta1/projects/amzon-clone-pv62020ee1/webApps/-/config [none]
[debug] [2021-03-08T17:09:23.669Z] <<< [apiv2][status] GET https://firebase.googleapis.com/v1beta1/projects/amzon-clone-pv62020ee1/webApps/-/config 200
[debug] [2021-03-08T17:09:23.669Z] <<< [apiv2][body] GET https://firebase.googleapis.com/v1beta1/projects/amzon-clone-pv62020ee1/webApps/-/config {"projectId":"amzon-clone-pv62020ee1","appId":"1:1075342633787:web:dc443b224de0abeb04251e","databaseURL":"https://amzon-clone-pv62020ee1-default-rtdb.firebaseio.com","storageBucket":"amzon-clone-pv62020ee1.appspot.com","locationId":"us-central","apiKey":"AIzaSyAF1mYvRnFakZY1F58B3c8jS5vxjxLx75s","authDomain":"amzon-clone-pv62020ee1.firebaseapp.com","messagingSenderId":"1075342633787","measurementId":"G-5LTJQLT9ZG"}
[info] i  hosting: Serving hosting files from: build {"metadata":{"emulator":{"name":"hosting"},"message":"Serving hosting files from: \u001b[1mbuild\u001b[22m"}}
[info] +  hosting: Local server: http://localhost:5000 {"metadata":{"emulator":{"name":"hosting"},"message":"Local server: \u001b[4m\u001b[1mhttp://localhost:5000\u001b[22m\u001b[24m"}}
[debug] [2021-03-08T17:09:23.740Z] Ignoring unsupported arg: auto_download {"metadata":{"emulator":{"name":"ui"},"message":"Ignoring unsupported arg: auto_download"}}
[debug] [2021-03-08T17:09:23.741Z] Ignoring unsupported arg: port {"metadata":{"emulator":{"name":"ui"},"message":"Ignoring unsupported arg: port"}}
[debug] [2021-03-08T17:09:23.741Z] Starting Emulator UI with command {"binary":"node","args":["C:\\Users\\Wait for magic\\.cache\\firebase\\emulators\\ui-v1.4.1\\server.bundle.js"],"optionalArgs":[],"joinArgs":false} {"metadata":{"emulator":{"name":"ui"},"message":"Starting Emulator UI with command {\"binary\":\"node\",\"args\":[\"C:\\\\Users\\\\Wait for magic\\\\.cache\\\\firebase\\\\emulators\\\\ui-v1.4.1\\\\server.bundle.js\"],\"optionalArgs\":[],\"joinArgs\":false}"}}
[info] i  ui: Emulator UI logging to ui-debug.log {"metadata":{"emulator":{"name":"ui"},"message":"Emulator UI logging to \u001b[1mui-debug.log\u001b[22m"}}
[info] i  functions: Watching "C:\Users\Wait for magic\Documents\GitHub\amazon-clone\functions" for Cloud Functions... {"metadata":{"emulator":{"name":"functions"},"message":"Watching \"C:\\Users\\Wait for magic\\Documents\\GitHub\\amazon-clone\\functions\" for Cloud Functions..."}}
[debug] [2021-03-08T17:09:24.050Z] [worker-pool] addWorker(~diagnostic~) {"metadata":{"emulator":{"name":"functions"},"message":"[worker-pool] addWorker(~diagnostic~)"}}
[debug] [2021-03-08T17:09:24.051Z] [worker-pool] Adding worker with key ~diagnostic~, total=1 {"metadata":{"emulator":{"name":"functions"},"message":"[worker-pool] Adding worker with key ~diagnostic~, total=1"}}
[debug] [2021-03-08T17:09:24.052Z] [worker-pool] submitWork(triggerId=) {"metadata":{"emulator":{"name":"functions"},"message":"[worker-pool] submitWork(triggerId=)"}}
[debug] [2021-03-08T17:09:24.054Z] [worker-~diagnostic~-3bdef57e-aef7-4753-ae65-98af95473678]: Assigning socketPath: \\?\pipe\C:\Users\Wait for magic\Documents\GitHub\amazon-clone\functions\9124 {"metadata":{"emulator":{"name":"functions"},"message":"[worker-~diagnostic~-3bdef57e-aef7-4753-ae65-98af95473678]: Assigning socketPath: \\\\?\\pipe\\C:\\Users\\Wait for magic\\Documents\\GitHub\\amazon-clone\\functions\\9124"}}
[debug] [2021-03-08T17:09:24.055Z] [worker-~diagnostic~-3bdef57e-aef7-4753-ae65-98af95473678]: BUSY {"metadata":{"emulator":{"name":"functions"},"message":"[worker-~diagnostic~-3bdef57e-aef7-4753-ae65-98af95473678]: BUSY"}}
[debug] [2021-03-08T17:09:24.058Z] Web / API server started at http://localhost:4000
 {"metadata":{"emulator":{"name":"ui"},"message":"Web / API server started at http://localhost:4000\n"}}
[debug] [2021-03-08T17:09:24.696Z] [runtime-status] [9124] Functions runtime initialized. {"cwd":"C:\\Users\\Wait for magic\\Documents\\GitHub\\amazon-clone\\functions","node_version":"14.15.4"} {"metadata":{"emulator":{"name":"functions"},"message":"[runtime-status] [9124] Functions runtime initialized. {\"cwd\":\"C:\\\\Users\\\\Wait for magic\\\\Documents\\\\GitHub\\\\amazon-clone\\\\functions\",\"node_version\":\"14.15.4\"}"}}
[debug] [2021-03-08T17:09:24.706Z] [runtime-status] [9124] Disabled runtime features: undefined {"metadata":{"emulator":{"name":"functions"},"message":"[runtime-status] [9124] Disabled runtime features: undefined"}}
[debug] [2021-03-08T17:09:24.719Z] [runtime-status] [9124] Resolved module firebase-admin {"declared":true,"installed":true,"version":"9.5.0","resolution":"C:\\Users\\Wait for magic\\Documents\\GitHub\\amazon-clone\\functions\\node_modules\\firebase-admin\\lib\\index.js"} {"metadata":{"emulator":{"name":"functions"},"message":"[runtime-status] [9124] Resolved module firebase-admin {\"declared\":true,\"installed\":true,\"version\":\"9.5.0\",\"resolution\":\"C:\\\\Users\\\\Wait for magic\\\\Documents\\\\GitHub\\\\amazon-clone\\\\functions\\\\node_modules\\\\firebase-admin\\\\lib\\\\index.js\"}"}}
[debug] [2021-03-08T17:09:24.726Z] [runtime-status] [9124] Resolved module firebase-functions {"declared":true,"installed":true,"version":"3.13.1","resolution":"C:\\Users\\Wait for magic\\Documents\\GitHub\\amazon-clone\\functions\\node_modules\\firebase-functions\\lib\\index.js"} {"metadata":{"emulator":{"name":"functions"},"message":"[runtime-status] [9124] Resolved module firebase-functions {\"declared\":true,\"installed\":true,\"version\":\"3.13.1\",\"resolution\":\"C:\\\\Users\\\\Wait for magic\\\\Documents\\\\GitHub\\\\amazon-clone\\\\functions\\\\node_modules\\\\firebase-functions\\\\lib\\\\index.js\"}"}}
[debug] [2021-03-08T17:09:24.732Z] [runtime-status] [9124] Resolved module firebase-functions {"declared":true,"installed":true,"version":"3.13.1","resolution":"C:\\Users\\Wait for magic\\Documents\\GitHub\\amazon-clone\\functions\\node_modules\\firebase-functions\\lib\\index.js"} {"metadata":{"emulator":{"name":"functions"},"message":"[runtime-status] [9124] Resolved module firebase-functions {\"declared\":true,\"installed\":true,\"version\":\"3.13.1\",\"resolution\":\"C:\\\\Users\\\\Wait for magic\\\\Documents\\\\GitHub\\\\amazon-clone\\\\functions\\\\node_modules\\\\firebase-functions\\\\lib\\\\index.js\"}"}}
[debug] [2021-03-08T17:09:24.739Z] [runtime-status] [9124] Outgoing network have been stubbed. [{"name":"http","status":"mocked"},{"name":"http","status":"mocked"},{"name":"https","status":"mocked"},{"name":"https","status":"mocked"},{"name":"net","status":"mocked"}] {"metadata":{"emulator":{"name":"functions"},"message":"[runtime-status] [9124] Outgoing network have been stubbed. [{\"name\":\"http\",\"status\":\"mocked\"},{\"name\":\"http\",\"status\":\"mocked\"},{\"name\":\"https\",\"status\":\"mocked\"},{\"name\":\"https\",\"status\":\"mocked\"},{\"name\":\"net\",\"status\":\"mocked\"}]"}}
[debug] [2021-03-08T17:09:24.741Z] [runtime-status] [9124] Resolved module firebase-functions {"declared":true,"installed":true,"version":"3.13.1","resolution":"C:\\Users\\Wait for magic\\Documents\\GitHub\\amazon-clone\\functions\\node_modules\\firebase-functions\\lib\\index.js"} {"metadata":{"emulator":{"name":"functions"},"message":"[runtime-status] [9124] Resolved module firebase-functions {\"declared\":true,\"installed\":true,\"version\":\"3.13.1\",\"resolution\":\"C:\\\\Users\\\\Wait for magic\\\\Documents\\\\GitHub\\\\amazon-clone\\\\functions\\\\node_modules\\\\firebase-functions\\\\lib\\\\index.js\"}"}}
[debug] [2021-03-08T17:09:24.930Z] [runtime-status] [9124] Checked functions.config() {"config":{}} {"metadata":{"emulator":{"name":"functions"},"message":"[runtime-status] [9124] Checked functions.config() {\"config\":{}}"}}
[debug] [2021-03-08T17:09:24.931Z] [runtime-status] [9124] firebase-functions has been stubbed. {"functionsResolution":{"declared":true,"installed":true,"version":"3.13.1","resolution":"C:\\Users\\Wait for magic\\Documents\\GitHub\\amazon-clone\\functions\\node_modules\\firebase-functions\\lib\\index.js"}} {"metadata":{"emulator":{"name":"functions"},"message":"[runtime-status] [9124] firebase-functions has been stubbed. {\"functionsResolution\":{\"declared\":true,\"installed\":true,\"version\":\"3.13.1\",\"resolution\":\"C:\\\\Users\\\\Wait for magic\\\\Documents\\\\GitHub\\\\amazon-clone\\\\functions\\\\node_modules\\\\firebase-functions\\\\lib\\\\index.js\"}}"}}
[debug] [2021-03-08T17:09:24.933Z] [runtime-status] [9124] Resolved module firebase-functions {"declared":true,"installed":true,"version":"3.13.1","resolution":"C:\\Users\\Wait for magic\\Documents\\GitHub\\amazon-clone\\functions\\node_modules\\firebase-functions\\lib\\index.js"} {"metadata":{"emulator":{"name":"functions"},"message":"[runtime-status] [9124] Resolved module firebase-functions {\"declared\":true,\"installed\":true,\"version\":\"3.13.1\",\"resolution\":\"C:\\\\Users\\\\Wait for magic\\\\Documents\\\\GitHub\\\\amazon-clone\\\\functions\\\\node_modules\\\\firebase-functions\\\\lib\\\\index.js\"}"}}
[debug] [2021-03-08T17:09:24.936Z] [runtime-status] [9124] Resolved module firebase-admin {"declared":true,"installed":true,"version":"9.5.0","resolution":"C:\\Users\\Wait for magic\\Documents\\GitHub\\amazon-clone\\functions\\node_modules\\firebase-admin\\lib\\index.js"} {"metadata":{"emulator":{"name":"functions"},"message":"[runtime-status] [9124] Resolved module firebase-admin {\"declared\":true,\"installed\":true,\"version\":\"9.5.0\",\"resolution\":\"C:\\\\Users\\\\Wait for magic\\\\Documents\\\\GitHub\\\\amazon-clone\\\\functions\\\\node_modules\\\\firebase-admin\\\\lib\\\\index.js\"}"}}
[debug] [2021-03-08T17:09:24.937Z] [runtime-status] [9124] Resolved module firebase-functions {"declared":true,"installed":true,"version":"3.13.1","resolution":"C:\\Users\\Wait for magic\\Documents\\GitHub\\amazon-clone\\functions\\node_modules\\firebase-functions\\lib\\index.js"} {"metadata":{"emulator":{"name":"functions"},"message":"[runtime-status] [9124] Resolved module firebase-functions {\"declared\":true,\"installed\":true,\"version\":\"3.13.1\",\"resolution\":\"C:\\\\Users\\\\Wait for magic\\\\Documents\\\\GitHub\\\\amazon-clone\\\\functions\\\\node_modules\\\\firebase-functions\\\\lib\\\\index.js\"}"}}
[debug] [2021-03-08T17:09:24.938Z] [runtime-status] [9124] firebase-admin has been stubbed. {"adminResolution":{"declared":true,"installed":true,"version":"9.5.0","resolution":"C:\\Users\\Wait for magic\\Documents\\GitHub\\amazon-clone\\functions\\node_modules\\firebase-admin\\lib\\index.js"}} {"metadata":{"emulator":{"name":"functions"},"message":"[runtime-status] [9124] firebase-admin has been stubbed. {\"adminResolution\":{\"declared\":true,\"installed\":true,\"version\":\"9.5.0\",\"resolution\":\"C:\\\\Users\\\\Wait for magic\\\\Documents\\\\GitHub\\\\amazon-clone\\\\functions\\\\node_modules\\\\firebase-admin\\\\lib\\\\index.js\"}}"}}
[info] +  functions[api]: http function initialized (http://localhost:5001/amzon-clone-pv62020ee1/us-central1/api). {"metadata":{"emulator":{"name":"functions"},"message":"\u001b[1mhttp\u001b[22m function initialized (http://localhost:5001/amzon-clone-pv62020ee1/us-central1/api)."}}
[info] 
┌─────────────────────────────────────────────────────────────┐
│ ✔  All emulators ready! It is now safe to connect your app. │
│ i  View Emulator UI at http://localhost:4000                │
└─────────────────────────────────────────────────────────────┘

┌───────────┬────────────────┬─────────────────────────────────┐
│ Emulator  │ Host:Port      │ View in Emulator UI             │
├───────────┼────────────────┼─────────────────────────────────┤
│ Functions │ localhost:5001 │ http://localhost:4000/functions │
├───────────┼────────────────┼─────────────────────────────────┤
│ Hosting   │ localhost:5000 │ n/a                             │
└───────────┴────────────────┴─────────────────────────────────┘
  Emulator Hub running at localhost:4400
  Other reserved ports: 4500

Issues? Report them at https://github.com/firebase/firebase-tools/issues and attach the *-debug.log files.
 
[debug] [2021-03-08T17:09:25.354Z] [worker-~diagnostic~-3bdef57e-aef7-4753-ae65-98af95473678]: IDLE {"metadata":{"emulator":{"name":"functions"},"message":"[worker-~diagnostic~-3bdef57e-aef7-4753-ae65-98af95473678]: IDLE"}}
[debug] [2021-03-09T03:52:00.497Z] Received signal SIGHUP 1
